0 info it worked if it ends with ok
1 verbose cli [ '/usr/local/bin/node',
1 verbose cli   '/usr/local/bin/npm',
1 verbose cli   'install',
1 verbose cli   'cors',
1 verbose cli   '--save' ]
2 info using npm@2.15.5
3 info using node@v4.4.5
4 verbose install initial load of /Users/mayankvora/Mayank/study/Sample Projects/ionic/bikers-pro/package.json
5 verbose installManyTop reading scoped package data from /Users/mayankvora/Mayank/study/Sample Projects/ionic/bikers-pro/node_modules/body-parser/package.json
6 verbose installManyTop reading scoped package data from /Users/mayankvora/Mayank/study/Sample Projects/ionic/bikers-pro/node_modules/express/package.json
7 verbose installManyTop reading scoped package data from /Users/mayankvora/Mayank/study/Sample Projects/ionic/bikers-pro/node_modules/mongodb/package.json
8 verbose installManyTop reading scoped package data from /Users/mayankvora/Mayank/study/Sample Projects/ionic/bikers-pro/node_modules/mongoose/package.json
9 info package.json mongodb@2.2.5 No README data
10 verbose readDependencies loading dependencies from /Users/mayankvora/Mayank/study/Sample Projects/ionic/bikers-pro/package.json
11 silly cache add args [ 'cors', null ]
12 verbose cache add spec cors
13 silly cache add parsed spec Result {
13 silly cache add   raw: 'cors',
13 silly cache add   scope: null,
13 silly cache add   name: 'cors',
13 silly cache add   rawSpec: '',
13 silly cache add   spec: 'latest',
13 silly cache add   type: 'tag' }
14 silly addNamed cors@latest
15 verbose addNamed "latest" is being treated as a dist-tag for cors
16 info addNameTag [ 'cors', 'latest' ]
17 silly mapToRegistry name cors
18 silly mapToRegistry using default registry
19 silly mapToRegistry registry https://registry.npmjs.org/
20 silly mapToRegistry data Result {
20 silly mapToRegistry   raw: 'cors',
20 silly mapToRegistry   scope: null,
20 silly mapToRegistry   name: 'cors',
20 silly mapToRegistry   rawSpec: '',
20 silly mapToRegistry   spec: 'latest',
20 silly mapToRegistry   type: 'tag' }
21 silly mapToRegistry uri https://registry.npmjs.org/cors
22 verbose addNameTag registry:https://registry.npmjs.org/cors not in flight; fetching
23 verbose request uri https://registry.npmjs.org/cors
24 verbose request no auth needed
25 info attempt registry request try #1 at 7:24:04 AM
26 verbose request id e8aed9d6c550ad6b
27 http request GET https://registry.npmjs.org/cors
28 info retry will retry, error on last attempt: Error: getaddrinfo ENOTFOUND registry.npmjs.org registry.npmjs.org:443
29 info attempt registry request try #2 at 7:24:44 AM
30 http request GET https://registry.npmjs.org/cors
31 info retry will retry, error on last attempt: Error: getaddrinfo ENOTFOUND registry.npmjs.org registry.npmjs.org:443
32 info attempt registry request try #3 at 7:26:15 AM
33 http request GET https://registry.npmjs.org/cors
34 verbose stack Error: getaddrinfo ENOTFOUND registry.npmjs.org registry.npmjs.org:443
34 verbose stack     at errnoException (dns.js:27:10)
34 verbose stack     at GetAddrInfoReqWrap.onlookup [as oncomplete] (dns.js:78:26)
35 verbose cwd /Users/mayankvora/Mayank/study/Sample Projects/ionic/bikers-pro
36 error Darwin 15.5.0
37 error argv "/usr/local/bin/node" "/usr/local/bin/npm" "install" "cors" "--save"
38 error node v4.4.5
39 error npm  v2.15.5
40 error code ENOTFOUND
41 error errno ENOTFOUND
42 error syscall getaddrinfo
43 error network getaddrinfo ENOTFOUND registry.npmjs.org registry.npmjs.org:443
43 error network This is most likely not a problem with npm itself
43 error network and is related to network connectivity.
43 error network In most cases you are behind a proxy or have bad network settings.
43 error network
43 error network If you are behind a proxy, please make sure that the
43 error network 'proxy' config is set properly.  See: 'npm help config'
44 verbose exit [ 1, true ]
